  stdafx.cpp
  BasicHashTable.cpp
  BasicTaskScheduler.cpp
  BasicTaskScheduler0.cpp
  BasicUsageEnvironment.cpp
  BasicUsageEnvironment0.cpp
C:\Git\ImmersiveSDK\ImmersiveExperienceToolkit\3rdPartyLibraries\Live555\BasicUsageEnvironment\BasicUsageEnvironment0.cpp(78,5): warning C4996: '_snprintf': This function or variable may be unsafe. Consider using _snprintf_s instead. To disable deprecation, use _CRT_SECURE_NO_WARNINGS. See online help for details.
  DelayQueue.cpp
  GroupEId.cpp
  Groupsock.cpp
C:\Git\ImmersiveSDK\ImmersiveExperienceToolkit\3rdPartyLibraries\Live555\groupsock\Groupsock.cpp(545,7): warning C4996: 'sprintf': This function or variable may be unsafe. Consider using sprintf_s instead. To disable deprecation, use _CRT_SECURE_NO_WARNINGS. See online help for details.
C:\Git\ImmersiveSDK\ImmersiveExperienceToolkit\3rdPartyLibraries\Live555\groupsock\Groupsock.cpp(557,7): warning C4996: 'sprintf': This function or variable may be unsafe. Consider using sprintf_s instead. To disable deprecation, use _CRT_SECURE_NO_WARNINGS. See online help for details.
  GroupsockHelper.cpp
C:\Git\ImmersiveSDK\ImmersiveExperienceToolkit\3rdPartyLibraries\Live555\groupsock\GroupsockHelper.cpp(149,7): warning C4996: 'sprintf': This function or variable may be unsafe. Consider using sprintf_s instead. To disable deprecation, use _CRT_SECURE_NO_WARNINGS. See online help for details.
C:\Git\ImmersiveSDK\ImmersiveExperienceToolkit\3rdPartyLibraries\Live555\groupsock\GroupsockHelper.cpp(262,7): warning C4996: 'sprintf': This function or variable may be unsafe. Consider using sprintf_s instead. To disable deprecation, use _CRT_SECURE_NO_WARNINGS. See online help for details.
C:\Git\ImmersiveSDK\ImmersiveExperienceToolkit\3rdPartyLibraries\Live555\groupsock\GroupsockHelper.cpp(349,7): warning C4996: 'sprintf': This function or variable may be unsafe. Consider using sprintf_s instead. To disable deprecation, use _CRT_SECURE_NO_WARNINGS. See online help for details.
C:\Git\ImmersiveSDK\ImmersiveExperienceToolkit\3rdPartyLibraries\Live555\groupsock\GroupsockHelper.cpp(696,7): warning C4996: 'sprintf': This function or variable may be unsafe. Consider using sprintf_s instead. To disable deprecation, use _CRT_SECURE_NO_WARNINGS. See online help for details.
C:\Git\ImmersiveSDK\ImmersiveExperienceToolkit\3rdPartyLibraries\Live555\groupsock\GroupsockHelper.cpp(733,29): warning C4996: 'ctime': This function or variable may be unsafe. Consider using ctime_s instead. To disable deprecation, use _CRT_SECURE_NO_WARNINGS. See online help for details.
C:\Git\ImmersiveSDK\ImmersiveExperienceToolkit\3rdPartyLibraries\Live555\groupsock\GroupsockHelper.cpp(735,5): warning C4996: 'sprintf': This function or variable may be unsafe. Consider using sprintf_s instead. To disable deprecation, use _CRT_SECURE_NO_WARNINGS. See online help for details.
C:\Git\ImmersiveSDK\ImmersiveExperienceToolkit\3rdPartyLibraries\Live555\groupsock\GroupsockHelper.cpp(785,22): warning C4244: '=': conversion from 'time_t' to 'long', possible loss of data
  IOHandlers.cpp
  NetAddress.cpp
C:\Git\ImmersiveSDK\ImmersiveExperienceToolkit\3rdPartyLibraries\Live555\groupsock\NetAddress.cpp(108,10): warning C4996: 'gethostbyname': Use getaddrinfo() or GetAddrInfoW() instead or define _WINSOCK_DEPRECATED_NO_WARNINGS to disable deprecated API warnings
C:\Git\ImmersiveSDK\ImmersiveExperienceToolkit\3rdPartyLibraries\Live555\groupsock\NetAddress.cpp(307,3): warning C4996: 'sprintf': This function or variable may be unsafe. Consider using sprintf_s instead. To disable deprecation, use _CRT_SECURE_NO_WARNINGS. See online help for details.
  NetInterface.cpp
  Live555.cpp
  AC3AudioFileServerMediaSubsession.cpp
  AC3AudioRTPSink.cpp
  AC3AudioRTPSource.cpp
  AC3AudioStreamFramer.cpp
  ADTSAudioFileServerMediaSubsession.cpp
  ADTSAudioFileSource.cpp
C:\Git\ImmersiveSDK\ImmersiveExperienceToolkit\3rdPartyLibraries\Live555\liveMedia\ADTSAudioFileSource.cpp(108,3): warning C4996: 'sprintf': This function or variable may be unsafe. Consider using sprintf_s instead. To disable deprecation, use _CRT_SECURE_NO_WARNINGS. See online help for details.
  AMRAudioFileServerMediaSubsession.cpp
  Compiling...
  AMRAudioFileSink.cpp
C:\Git\ImmersiveSDK\ImmersiveExperienceToolkit\3rdPartyLibraries\Live555\liveMedia\AMRAudioFileSink.cpp(76,5): warning C4996: 'sprintf': This function or variable may be unsafe. Consider using sprintf_s instead. To disable deprecation, use _CRT_SECURE_NO_WARNINGS. See online help for details.
  AMRAudioFileSource.cpp
  AMRAudioRTPSink.cpp
C:\Git\ImmersiveSDK\ImmersiveExperienceToolkit\3rdPartyLibraries\Live555\liveMedia\AMRAudioRTPSink.cpp(130,5): warning C4996: 'sprintf': This function or variable may be unsafe. Consider using sprintf_s instead. To disable deprecation, use _CRT_SECURE_NO_WARNINGS. See online help for details.
  AMRAudioRTPSource.cpp
  AMRAudioSource.cpp
  AudioInputDevice.cpp
  AudioRTPSink.cpp
  AVIFileSink.cpp
  Base64.cpp
  BasicUDPSink.cpp
  BasicUDPSource.cpp
  BitVector.cpp
  ByteStreamFileSource.cpp
  ByteStreamMemoryBufferSource.cpp
  ByteStreamMultiFileSource.cpp
  DeviceSource.cpp
  DigestAuthentication.cpp
C:\Git\ImmersiveSDK\ImmersiveExperienceToolkit\3rdPartyLibraries\Live555\liveMedia\DigestAuthentication.cpp(112,5): warning C4996: 'strncpy': This function or variable may be unsafe. Consider using strncpy_s instead. To disable deprecation, use _CRT_SECURE_NO_WARNINGS. See online help for details.
C:\Git\ImmersiveSDK\ImmersiveExperienceToolkit\3rdPartyLibraries\Live555\liveMedia\DigestAuthentication.cpp(118,5): warning C4996: 'sprintf': This function or variable may be unsafe. Consider using sprintf_s instead. To disable deprecation, use _CRT_SECURE_NO_WARNINGS. See online help for details.
C:\Git\ImmersiveSDK\ImmersiveExperienceToolkit\3rdPartyLibraries\Live555\liveMedia\DigestAuthentication.cpp(125,3): warning C4996: 'sprintf': This function or variable may be unsafe. Consider using sprintf_s instead. To disable deprecation, use _CRT_SECURE_NO_WARNINGS. See online help for details.
C:\Git\ImmersiveSDK\ImmersiveExperienceToolkit\3rdPartyLibraries\Live555\liveMedia\DigestAuthentication.cpp(133,3): warning C4996: 'sprintf': This function or variable may be unsafe. Consider using sprintf_s instead. To disable deprecation, use _CRT_SECURE_NO_WARNINGS. See online help for details.
  DVVideoFileServerMediaSubsession.cpp
  DVVideoRTPSink.cpp
C:\Git\ImmersiveSDK\ImmersiveExperienceToolkit\3rdPartyLibraries\Live555\liveMedia\DVVideoRTPSink.cpp(92,3): warning C4996: 'sprintf': This function or variable may be unsafe. Consider using sprintf_s instead. To disable deprecation, use _CRT_SECURE_NO_WARNINGS. See online help for details.
  DVVideoRTPSource.cpp
  Compiling...
  DVVideoStreamFramer.cpp
  EBMLNumber.cpp
C:\Git\ImmersiveSDK\ImmersiveExperienceToolkit\3rdPartyLibraries\Live555\liveMedia\EBMLNumber.cpp(35,5): warning C4996: 'sprintf': This function or variable may be unsafe. Consider using sprintf_s instead. To disable deprecation, use _CRT_SECURE_NO_WARNINGS. See online help for details.
  FileServerMediaSubsession.cpp
  FileSink.cpp
C:\Git\ImmersiveSDK\ImmersiveExperienceToolkit\3rdPartyLibraries\Live555\liveMedia\FileSink.cpp(100,7): warning C4996: 'sprintf': This function or variable may be unsafe. Consider using sprintf_s instead. To disable deprecation, use _CRT_SECURE_NO_WARNINGS. See online help for details.
C:\Git\ImmersiveSDK\ImmersiveExperienceToolkit\3rdPartyLibraries\Live555\liveMedia\FileSink.cpp(103,7): warning C4996: 'sprintf': This function or variable may be unsafe. Consider using sprintf_s instead. To disable deprecation, use _CRT_SECURE_NO_WARNINGS. See online help for details.
  FramedFileSource.cpp
  FramedFilter.cpp
  FramedSource.cpp
  GenericMediaServer.cpp
C:\Git\ImmersiveSDK\ImmersiveExperienceToolkit\3rdPartyLibraries\Live555\liveMedia\GenericMediaServer.cpp(270,3): warning C4996: 'sprintf': This function or variable may be unsafe. Consider using sprintf_s instead. To disable deprecation, use _CRT_SECURE_NO_WARNINGS. See online help for details.
C:\Git\ImmersiveSDK\ImmersiveExperienceToolkit\3rdPartyLibraries\Live555\liveMedia\GenericMediaServer.cpp(321,5): warning C4996: '_snprintf': This function or variable may be unsafe. Consider using _snprintf_s instead. To disable deprecation, use _CRT_SECURE_NO_WARNINGS. See online help for details.
C:\Git\ImmersiveSDK\ImmersiveExperienceToolkit\3rdPartyLibraries\Live555\liveMedia\GenericMediaServer.cpp(333,3): warning C4996: '_snprintf': This function or variable may be unsafe. Consider using _snprintf_s instead. To disable deprecation, use _CRT_SECURE_NO_WARNINGS. See online help for details.
  GSMAudioRTPSink.cpp
  H261VideoRTPSource.cpp
  H263plusVideoFileServerMediaSubsession.cpp
  H263plusVideoRTPSink.cpp
  H263plusVideoRTPSource.cpp
  H263plusVideoStreamFramer.cpp
  H263plusVideoStreamParser.cpp
  H264or5VideoFileSink.cpp
  H264or5VideoRTPSink.cpp
  H264or5VideoStreamDiscreteFramer.cpp
  H264or5VideoStreamFramer.cpp
C:\Git\ImmersiveSDK\ImmersiveExperienceToolkit\3rdPartyLibraries\Live555\liveMedia\H264or5VideoStreamFramer.cpp(670,41): warning C4018: '<': signed/unsigned mismatch
  H264VideoFileServerMediaSubsession.cpp
  Compiling...
  H264VideoFileSink.cpp
  H264VideoRTPSink.cpp
C:\Git\ImmersiveSDK\ImmersiveExperienceToolkit\3rdPartyLibraries\Live555\liveMedia\H264VideoRTPSink.cpp(121,3): warning C4996: 'sprintf': This function or variable may be unsafe. Consider using sprintf_s instead. To disable deprecation, use _CRT_SECURE_NO_WARNINGS. See online help for details.
  H264VideoRTPSource.cpp
  H264VideoStreamDiscreteFramer.cpp
  H264VideoStreamFramer.cpp
  H265VideoFileServerMediaSubsession.cpp
  H265VideoFileSink.cpp
  H265VideoRTPSink.cpp
C:\Git\ImmersiveSDK\ImmersiveExperienceToolkit\3rdPartyLibraries\Live555\liveMedia\H265VideoRTPSink.cpp(138,3): warning C4996: 'sprintf': This function or variable may be unsafe. Consider using sprintf_s instead. To disable deprecation, use _CRT_SECURE_NO_WARNINGS. See online help for details.
C:\Git\ImmersiveSDK\ImmersiveExperienceToolkit\3rdPartyLibraries\Live555\liveMedia\H265VideoRTPSink.cpp(166,3): warning C4996: 'sprintf': This function or variable may be unsafe. Consider using sprintf_s instead. To disable deprecation, use _CRT_SECURE_NO_WARNINGS. See online help for details.
  H265VideoRTPSource.cpp
  H265VideoStreamDiscreteFramer.cpp
  H265VideoStreamFramer.cpp
  InputFile.cpp
C:\Git\ImmersiveSDK\ImmersiveExperienceToolkit\3rdPartyLibraries\Live555\liveMedia\InputFile.cpp(34,11): warning C4996: 'fopen': This function or variable may be unsafe. Consider using fopen_s instead. To disable deprecation, use _CRT_SECURE_NO_WARNINGS. See online help for details.
  JPEGVideoRTPSink.cpp
  JPEGVideoRTPSource.cpp
  JPEGVideoSource.cpp
  Locale.cpp
  MatroskaDemuxedTrack.cpp
  MatroskaFile.cpp
C:\Git\ImmersiveSDK\ImmersiveExperienceToolkit\3rdPartyLibraries\Live555\liveMedia\MatroskaFile.cpp(320,2): warning C4996: 'sprintf': This function or variable may be unsafe. Consider using sprintf_s instead. To disable deprecation, use _CRT_SECURE_NO_WARNINGS. See online help for details.
  MatroskaFileParser.cpp
  MatroskaFileServerDemux.cpp
  Compiling...
  MatroskaFileServerMediaSubsession.cpp
  Media.cpp
C:\Git\ImmersiveSDK\ImmersiveExperienceToolkit\3rdPartyLibraries\Live555\liveMedia\Media.cpp(154,3): warning C4996: 'sprintf': This function or variable may be unsafe. Consider using sprintf_s instead. To disable deprecation, use _CRT_SECURE_NO_WARNINGS. See online help for details.
  MediaSession.cpp
C:\Git\ImmersiveSDK\ImmersiveExperienceToolkit\3rdPartyLibraries\Live555\liveMedia\MediaSession.cpp(138,10): warning C4996: 'sscanf': This function or variable may be unsafe. Consider using sscanf_s instead. To disable deprecation, use _CRT_SECURE_NO_WARNINGS. See online help for details.
C:\Git\ImmersiveSDK\ImmersiveExperienceToolkit\3rdPartyLibraries\Live555\liveMedia\MediaSession.cpp(140,3): warning C4996: 'sscanf': This function or variable may be unsafe. Consider using sscanf_s instead. To disable deprecation, use _CRT_SECURE_NO_WARNINGS. See online help for details.
C:\Git\ImmersiveSDK\ImmersiveExperienceToolkit\3rdPartyLibraries\Live555\liveMedia\MediaSession.cpp(144,17): warning C4996: 'sscanf': This function or variable may be unsafe. Consider using sscanf_s instead. To disable deprecation, use _CRT_SECURE_NO_WARNINGS. See online help for details.
C:\Git\ImmersiveSDK\ImmersiveExperienceToolkit\3rdPartyLibraries\Live555\liveMedia\MediaSession.cpp(146,3): warning C4996: 'sscanf': This function or variable may be unsafe. Consider using sscanf_s instead. To disable deprecation, use _CRT_SECURE_NO_WARNINGS. See online help for details.
C:\Git\ImmersiveSDK\ImmersiveExperienceToolkit\3rdPartyLibraries\Live555\liveMedia\MediaSession.cpp(148,3): warning C4996: 'sscanf': This function or variable may be unsafe. Consider using sscanf_s instead. To disable deprecation, use _CRT_SECURE_NO_WARNINGS. See online help for details.
C:\Git\ImmersiveSDK\ImmersiveExperienceToolkit\3rdPartyLibraries\Live555\liveMedia\MediaSession.cpp(230,2): warning C4996: 'sprintf': This function or variable may be unsafe. Consider using sprintf_s instead. To disable deprecation, use _CRT_SECURE_NO_WARNINGS. See online help for details.
C:\Git\ImmersiveSDK\ImmersiveExperienceToolkit\3rdPartyLibraries\Live555\liveMedia\MediaSession.cpp(281,7): warning C4996: 'sscanf': This function or variable may be unsafe. Consider using sscanf_s instead. To disable deprecation, use _CRT_SECURE_NO_WARNINGS. See online help for details.
C:\Git\ImmersiveSDK\ImmersiveExperienceToolkit\3rdPartyLibraries\Live555\liveMedia\MediaSession.cpp(295,7): warning C4996: 'sscanf': This function or variable may be unsafe. Consider using sscanf_s instead. To disable deprecation, use _CRT_SECURE_NO_WARNINGS. See online help for details.
C:\Git\ImmersiveSDK\ImmersiveExperienceToolkit\3rdPartyLibraries\Live555\liveMedia\MediaSession.cpp(309,7): warning C4996: 'sscanf': This function or variable may be unsafe. Consider using sscanf_s instead. To disable deprecation, use _CRT_SECURE_NO_WARNINGS. See online help for details.
C:\Git\ImmersiveSDK\ImmersiveExperienceToolkit\3rdPartyLibraries\Live555\liveMedia\MediaSession.cpp(337,7): warning C4996: 'sscanf': This function or variable may be unsafe. Consider using sscanf_s instead. To disable deprecation, use _CRT_SECURE_NO_WARNINGS. See online help for details.
C:\Git\ImmersiveSDK\ImmersiveExperienceToolkit\3rdPartyLibraries\Live555\liveMedia\MediaSession.cpp(352,7): warning C4996: 'sscanf': This function or variable may be unsafe. Consider using sscanf_s instead. To disable deprecation, use _CRT_SECURE_NO_WARNINGS. See online help for details.
C:\Git\ImmersiveSDK\ImmersiveExperienceToolkit\3rdPartyLibraries\Live555\liveMedia\MediaSession.cpp(362,10): warning C4996: 'sscanf': This function or variable may be unsafe. Consider using sscanf_s instead. To disable deprecation, use _CRT_SECURE_NO_WARNINGS. See online help for details.
C:\Git\ImmersiveSDK\ImmersiveExperienceToolkit\3rdPartyLibraries\Live555\liveMedia\MediaSession.cpp(369,22): warning C4996: 'sscanf': This function or variable may be unsafe. Consider using sscanf_s instead. To disable deprecation, use _CRT_SECURE_NO_WARNINGS. See online help for details.
C:\Git\ImmersiveSDK\ImmersiveExperienceToolkit\3rdPartyLibraries\Live555\liveMedia\MediaSession.cpp(415,9): warning C4996: 'sscanf': This function or variable may be unsafe. Consider using sscanf_s instead. To disable deprecation, use _CRT_SECURE_NO_WARNINGS. See online help for details.
C:\Git\ImmersiveSDK\ImmersiveExperienceToolkit\3rdPartyLibraries\Live555\liveMedia\MediaSession.cpp(1012,10): warning C4996: 'sscanf': This function or variable may be unsafe. Consider using sscanf_s instead. To disable deprecation, use _CRT_SECURE_NO_WARNINGS. See online help for details.
C:\Git\ImmersiveSDK\ImmersiveExperienceToolkit\3rdPartyLibraries\Live555\liveMedia\MediaSession.cpp(1025,7): warning C4996: 'sscanf': This function or variable may be unsafe. Consider using sscanf_s instead. To disable deprecation, use _CRT_SECURE_NO_WARNINGS. See online help for details.
C:\Git\ImmersiveSDK\ImmersiveExperienceToolkit\3rdPartyLibraries\Live555\liveMedia\MediaSession.cpp(1028,10): warning C4996: 'sscanf': This function or variable may be unsafe. Consider using sscanf_s instead. To disable deprecation, use _CRT_SECURE_NO_WARNINGS. See online help for details.
C:\Git\ImmersiveSDK\ImmersiveExperienceToolkit\3rdPartyLibraries\Live555\liveMedia\MediaSession.cpp(1030,10): warning C4996: 'sscanf': This function or variable may be unsafe. Consider using sscanf_s instead. To disable deprecation, use _CRT_SECURE_NO_WARNINGS. See online help for details.
C:\Git\ImmersiveSDK\ImmersiveExperienceToolkit\3rdPartyLibraries\Live555\liveMedia\MediaSession.cpp(1065,7): warning C4996: 'sscanf': This function or variable may be unsafe. Consider using sscanf_s instead. To disable deprecation, use _CRT_SECURE_NO_WARNINGS. See online help for details.
C:\Git\ImmersiveSDK\ImmersiveExperienceToolkit\3rdPartyLibraries\Live555\liveMedia\MediaSession.cpp(1119,26): warning C4996: 'sscanf': This function or variable may be unsafe. Consider using sscanf_s instead. To disable deprecation, use _CRT_SECURE_NO_WARNINGS. See online help for details.
C:\Git\ImmersiveSDK\ImmersiveExperienceToolkit\3rdPartyLibraries\Live555\liveMedia\MediaSession.cpp(1156,7): warning C4996: 'sscanf': This function or variable may be unsafe. Consider using sscanf_s instead. To disable deprecation, use _CRT_SECURE_NO_WARNINGS. See online help for details.
C:\Git\ImmersiveSDK\ImmersiveExperienceToolkit\3rdPartyLibraries\Live555\liveMedia\MediaSession.cpp(1171,7): warning C4996: 'sscanf': This function or variable may be unsafe. Consider using sscanf_s instead. To disable deprecation, use _CRT_SECURE_NO_WARNINGS. See online help for details.
C:\Git\ImmersiveSDK\ImmersiveExperienceToolkit\3rdPartyLibraries\Live555\liveMedia\MediaSession.cpp(1174,14): warning C4996: 'sscanf': This function or variable may be unsafe. Consider using sscanf_s instead. To disable deprecation, use _CRT_SECURE_NO_WARNINGS. See online help for details.
C:\Git\ImmersiveSDK\ImmersiveExperienceToolkit\3rdPartyLibraries\Live555\liveMedia\MediaSession.cpp(1360,2): warning C4996: 'sprintf': This function or variable may be unsafe. Consider using sprintf_s instead. To disable deprecation, use _CRT_SECURE_NO_WARNINGS. See online help for details.
C:\Git\ImmersiveSDK\ImmersiveExperienceToolkit\3rdPartyLibraries\Live555\liveMedia\MediaSession.cpp(1407,2): warning C4996: 'sprintf': This function or variable may be unsafe. Consider using sprintf_s instead. To disable deprecation, use _CRT_SECURE_NO_WARNINGS. See online help for details.
C:\Git\ImmersiveSDK\ImmersiveExperienceToolkit\3rdPartyLibraries\Live555\liveMedia\MediaSession.cpp(1441,9): warning C4996: 'sscanf': This function or variable may be unsafe. Consider using sscanf_s instead. To disable deprecation, use _CRT_SECURE_NO_WARNINGS. See online help for details.
  MediaSink.cpp
  MediaSource.cpp
  MP3ADU.cpp
  MP3ADUdescriptor.cpp
  MP3ADUinterleaving.cpp
  MP3ADURTPSink.cpp
  MP3ADURTPSource.cpp
  MP3ADUTranscoder.cpp
C:\Git\ImmersiveSDK\ImmersiveExperienceToolkit\3rdPartyLibraries\Live555\liveMedia\MP3ADUTranscoder.cpp(56,3): warning C4996: 'sprintf': This function or variable may be unsafe. Consider using sprintf_s instead. To disable deprecation, use _CRT_SECURE_NO_WARNINGS. See online help for details.
  MP3AudioFileServerMediaSubsession.cpp
  MP3AudioMatroskaFileServerMediaSubsession.cpp
  MP3FileSource.cpp
C:\Git\ImmersiveSDK\ImmersiveExperienceToolkit\3rdPartyLibraries\Live555\liveMedia\MP3FileSource.cpp(144,5): warning C4996: 'sprintf': This function or variable may be unsafe. Consider using sprintf_s instead. To disable deprecation, use _CRT_SECURE_NO_WARNINGS. See online help for details.
  MP3Internals.cpp
  MP3InternalsHuffman.cpp
C:\Git\ImmersiveSDK\ImmersiveExperienceToolkit\3rdPartyLibraries\Live555\liveMedia\MP3InternalsHuffman.cpp(305,10): warning C4996: 'sscanf': This function or variable may be unsafe. Consider using sscanf_s instead. To disable deprecation, use _CRT_SECURE_NO_WARNINGS. See online help for details.
C:\Git\ImmersiveSDK\ImmersiveExperienceToolkit\3rdPartyLibraries\Live555\liveMedia\MP3InternalsHuffman.cpp(353,5): warning C4996: 'sscanf': This function or variable may be unsafe. Consider using sscanf_s instead. To disable deprecation, use _CRT_SECURE_NO_WARNINGS. See online help for details.
C:\Git\ImmersiveSDK\ImmersiveExperienceToolkit\3rdPartyLibraries\Live555\liveMedia\MP3InternalsHuffman.cpp(365,5): warning C4996: 'sscanf': This function or variable may be unsafe. Consider using sscanf_s instead. To disable deprecation, use _CRT_SECURE_NO_WARNINGS. See online help for details.
C:\Git\ImmersiveSDK\ImmersiveExperienceToolkit\3rdPartyLibraries\Live555\liveMedia\MP3InternalsHuffman.cpp(376,5): warning C4996: 'sscanf': This function or variable may be unsafe. Consider using sscanf_s instead. To disable deprecation, use _CRT_SECURE_NO_WARNINGS. See online help for details.
  MP3InternalsHuffmanTable.cpp
  MP3StreamState.cpp
C:\Git\ImmersiveSDK\ImmersiveExperienceToolkit\3rdPartyLibraries\Live555\liveMedia\MP3StreamState.cpp(186,3): warning C4996: '_snprintf': This function or variable may be unsafe. Consider using _snprintf_s instead. To disable deprecation, use _CRT_SECURE_NO_WARNINGS. See online help for details.
  MP3Transcoder.cpp
  MPEG1or2AudioRTPSink.cpp
  Compiling...
  MPEG1or2AudioRTPSource.cpp
  MPEG1or2AudioStreamFramer.cpp
  MPEG1or2Demux.cpp
  MPEG1or2DemuxedElementaryStream.cpp
  MPEG1or2DemuxedServerMediaSubsession.cpp
  MPEG1or2FileServerDemux.cpp
  MPEG1or2VideoFileServerMediaSubsession.cpp
  MPEG1or2VideoRTPSink.cpp
  MPEG1or2VideoRTPSource.cpp
  MPEG1or2VideoStreamDiscreteFramer.cpp
  MPEG1or2VideoStreamFramer.cpp
  MPEG2IndexFromTransportStream.cpp
  MPEG2TransportFileServerMediaSubsession.cpp
  MPEG2TransportStreamFramer.cpp
  MPEG2TransportStreamFromESSource.cpp
  MPEG2TransportStreamFromPESSource.cpp
  MPEG2TransportStreamIndexFile.cpp
  MPEG2TransportStreamMultiplexor.cpp
  MPEG2TransportStreamTrickModeFilter.cpp
  MPEG2TransportUDPServerMediaSubsession.cpp
  Compiling...
  MPEG4ESVideoRTPSink.cpp
C:\Git\ImmersiveSDK\ImmersiveExperienceToolkit\3rdPartyLibraries\Live555\liveMedia\MPEG4ESVideoRTPSink.cpp(130,3): warning C4996: 'sprintf': This function or variable may be unsafe. Consider using sprintf_s instead. To disable deprecation, use _CRT_SECURE_NO_WARNINGS. See online help for details.
C:\Git\ImmersiveSDK\ImmersiveExperienceToolkit\3rdPartyLibraries\Live555\liveMedia\MPEG4ESVideoRTPSink.cpp(133,5): warning C4996: 'sprintf': This function or variable may be unsafe. Consider using sprintf_s instead. To disable deprecation, use _CRT_SECURE_NO_WARNINGS. See online help for details.
C:\Git\ImmersiveSDK\ImmersiveExperienceToolkit\3rdPartyLibraries\Live555\liveMedia\MPEG4ESVideoRTPSink.cpp(136,3): warning C4996: 'sprintf': This function or variable may be unsafe. Consider using sprintf_s instead. To disable deprecation, use _CRT_SECURE_NO_WARNINGS. See online help for details.
  MPEG4ESVideoRTPSource.cpp
  MPEG4GenericRTPSink.cpp
C:\Git\ImmersiveSDK\ImmersiveExperienceToolkit\3rdPartyLibraries\Live555\liveMedia\MPEG4GenericRTPSink.cpp(65,3): warning C4996: 'sprintf': This function or variable may be unsafe. Consider using sprintf_s instead. To disable deprecation, use _CRT_SECURE_NO_WARNINGS. See online help for details.
  MPEG4GenericRTPSource.cpp
C:\Git\ImmersiveSDK\ImmersiveExperienceToolkit\3rdPartyLibraries\Live555\liveMedia\MPEG4GenericRTPSource.cpp(91,7): warning C4996: 'sprintf': This function or variable may be unsafe. Consider using sprintf_s instead. To disable deprecation, use _CRT_SECURE_NO_WARNINGS. See online help for details.
  MPEG4LATMAudioRTPSink.cpp
C:\Git\ImmersiveSDK\ImmersiveExperienceToolkit\3rdPartyLibraries\Live555\liveMedia\MPEG4LATMAudioRTPSink.cpp(42,3): warning C4996: 'sprintf': This function or variable may be unsafe. Consider using sprintf_s instead. To disable deprecation, use _CRT_SECURE_NO_WARNINGS. See online help for details.
  MPEG4LATMAudioRTPSource.cpp
  MPEG4VideoFileServerMediaSubsession.cpp
  MPEG4VideoStreamDiscreteFramer.cpp
  MPEG4VideoStreamFramer.cpp
C:\Git\ImmersiveSDK\ImmersiveExperienceToolkit\3rdPartyLibraries\Live555\liveMedia\MPEG4VideoStreamFramer.cpp(432,5): warning C4996: 'sprintf': This function or variable may be unsafe. Consider using sprintf_s instead. To disable deprecation, use _CRT_SECURE_NO_WARNINGS. See online help for details.
  MPEGVideoStreamFramer.cpp
  MPEGVideoStreamParser.cpp
  MultiFramedRTPSink.cpp
  MultiFramedRTPSource.cpp
  OggDemuxedTrack.cpp
  OggFile.cpp
  OggFileParser.cpp
  OggFileServerDemux.cpp
  OggFileServerMediaSubsession.cpp
  OggFileSink.cpp
C:\Git\ImmersiveSDK\ImmersiveExperienceToolkit\3rdPartyLibraries\Live555\liveMedia\OggFileSink.cpp(228,56): warning C4334: '<<': result of 32-bit shift implicitly converted to 64 bits (was 64-bit shift intended?)
  OnDemandServerMediaSubsession.cpp
C:\Git\ImmersiveSDK\ImmersiveExperienceToolkit\3rdPartyLibraries\Live555\liveMedia\OnDemandServerMediaSubsession.cpp(455,3): warning C4996: 'sprintf': This function or variable may be unsafe. Consider using sprintf_s instead. To disable deprecation, use _CRT_SECURE_NO_WARNINGS. See online help for details.
  Compiling...
  ourMD5.cpp
  OutputFile.cpp
C:\Git\ImmersiveSDK\ImmersiveExperienceToolkit\3rdPartyLibraries\Live555\liveMedia\OutputFile.cpp(47,11): warning C4996: 'fopen': This function or variable may be unsafe. Consider using fopen_s instead. To disable deprecation, use _CRT_SECURE_NO_WARNINGS. See online help for details.
  PassiveServerMediaSubsession.cpp
C:\Git\ImmersiveSDK\ImmersiveExperienceToolkit\3rdPartyLibraries\Live555\liveMedia\PassiveServerMediaSubsession.cpp(108,5): warning C4996: 'sprintf': This function or variable may be unsafe. Consider using sprintf_s instead. To disable deprecation, use _CRT_SECURE_NO_WARNINGS. See online help for details.
  ProxyServerMediaSession.cpp
  QCELPAudioRTPSource.cpp
  QuickTimeFileSink.cpp
C:\Git\ImmersiveSDK\ImmersiveExperienceToolkit\3rdPartyLibraries\Live555\liveMedia\QuickTimeFileSink.cpp(2180,3): warning C4996: 'sprintf': This function or variable may be unsafe. Consider using sprintf_s instead. To disable deprecation, use _CRT_SECURE_NO_WARNINGS. See online help for details.
C:\Git\ImmersiveSDK\ImmersiveExperienceToolkit\3rdPartyLibraries\Live555\liveMedia\QuickTimeFileSink.cpp(2208,11): warning C4996: 'sscanf': This function or variable may be unsafe. Consider using sscanf_s instead. To disable deprecation, use _CRT_SECURE_NO_WARNINGS. See online help for details.
C:\Git\ImmersiveSDK\ImmersiveExperienceToolkit\3rdPartyLibraries\Live555\liveMedia\QuickTimeFileSink.cpp(2214,7): warning C4996: 'sprintf': This function or variable may be unsafe. Consider using sprintf_s instead. To disable deprecation, use _CRT_SECURE_NO_WARNINGS. See online help for details.
C:\Git\ImmersiveSDK\ImmersiveExperienceToolkit\3rdPartyLibraries\Live555\liveMedia\QuickTimeFileSink.cpp(2230,5): warning C4996: 'sprintf': This function or variable may be unsafe. Consider using sprintf_s instead. To disable deprecation, use _CRT_SECURE_NO_WARNINGS. See online help for details.
C:\Git\ImmersiveSDK\ImmersiveExperienceToolkit\3rdPartyLibraries\Live555\liveMedia\QuickTimeFileSink.cpp(2322,3): warning C4996: 'sprintf': This function or variable may be unsafe. Consider using sprintf_s instead. To disable deprecation, use _CRT_SECURE_NO_WARNINGS. See online help for details.
  QuickTimeGenericRTPSource.cpp
  RTCP.cpp
C:\Git\ImmersiveSDK\ImmersiveExperienceToolkit\3rdPartyLibraries\Live555\liveMedia\RTCP.cpp(352,5): warning C4996: '_snprintf': This function or variable may be unsafe. Consider using _snprintf_s instead. To disable deprecation, use _CRT_SECURE_NO_WARNINGS. See online help for details.
  RTPInterface.cpp
  RTPSink.cpp
C:\Git\ImmersiveSDK\ImmersiveExperienceToolkit\3rdPartyLibraries\Live555\liveMedia\RTPSink.cpp(138,7): warning C4996: 'sprintf': This function or variable may be unsafe. Consider using sprintf_s instead. To disable deprecation, use _CRT_SECURE_NO_WARNINGS. See online help for details.
C:\Git\ImmersiveSDK\ImmersiveExperienceToolkit\3rdPartyLibraries\Live555\liveMedia\RTPSink.cpp(147,5): warning C4996: 'sprintf': This function or variable may be unsafe. Consider using sprintf_s instead. To disable deprecation, use _CRT_SECURE_NO_WARNINGS. See online help for details.
  RTPSource.cpp
  RTSPClient.cpp
C:\Git\ImmersiveSDK\ImmersiveExperienceToolkit\3rdPartyLibraries\Live555\liveMedia\RTSPClient.cpp(134,3): warning C4996: 'sprintf': This function or variable may be unsafe. Consider using sprintf_s instead. To disable deprecation, use _CRT_SECURE_NO_WARNINGS. See online help for details.
C:\Git\ImmersiveSDK\ImmersiveExperienceToolkit\3rdPartyLibraries\Live555\liveMedia\RTSPClient.cpp(153,5): warning C4996: 'sprintf': This function or variable may be unsafe. Consider using sprintf_s instead. To disable deprecation, use _CRT_SECURE_NO_WARNINGS. See online help for details.
C:\Git\ImmersiveSDK\ImmersiveExperienceToolkit\3rdPartyLibraries\Live555\liveMedia\RTSPClient.cpp(235,36): warning C4996: 'sscanf': This function or variable may be unsafe. Consider using sscanf_s instead. To disable deprecation, use _CRT_SECURE_NO_WARNINGS. See online help for details.
C:\Git\ImmersiveSDK\ImmersiveExperienceToolkit\3rdPartyLibraries\Live555\liveMedia\RTSPClient.cpp(323,11): warning C4996: 'sscanf': This function or variable may be unsafe. Consider using sscanf_s instead. To disable deprecation, use _CRT_SECURE_NO_WARNINGS. See online help for details.
C:\Git\ImmersiveSDK\ImmersiveExperienceToolkit\3rdPartyLibraries\Live555\liveMedia\RTSPClient.cpp(352,3): warning C4996: 'sprintf': This function or variable may be unsafe. Consider using sprintf_s instead. To disable deprecation, use _CRT_SECURE_NO_WARNINGS. See online help for details.
C:\Git\ImmersiveSDK\ImmersiveExperienceToolkit\3rdPartyLibraries\Live555\liveMedia\RTSPClient.cpp(394,3): warning C4996: 'sprintf': This function or variable may be unsafe. Consider using sprintf_s instead. To disable deprecation, use _CRT_SECURE_NO_WARNINGS. See online help for details.
C:\Git\ImmersiveSDK\ImmersiveExperienceToolkit\3rdPartyLibraries\Live555\liveMedia\RTSPClient.cpp(488,7): warning C4996: 'sprintf': This function or variable may be unsafe. Consider using sprintf_s instead. To disable deprecation, use _CRT_SECURE_NO_WARNINGS. See online help for details.
C:\Git\ImmersiveSDK\ImmersiveExperienceToolkit\3rdPartyLibraries\Live555\liveMedia\RTSPClient.cpp(512,5): warning C4996: 'sprintf': This function or variable may be unsafe. Consider using sprintf_s instead. To disable deprecation, use _CRT_SECURE_NO_WARNINGS. See online help for details.
C:\Git\ImmersiveSDK\ImmersiveExperienceToolkit\3rdPartyLibraries\Live555\liveMedia\RTSPClient.cpp(540,7): warning C4996: 'sprintf': This function or variable may be unsafe. Consider using sprintf_s instead. To disable deprecation, use _CRT_SECURE_NO_WARNINGS. See online help for details.
C:\Git\ImmersiveSDK\ImmersiveExperienceToolkit\3rdPartyLibraries\Live555\liveMedia\RTSPClient.cpp(571,5): warning C4996: 'sprintf': This function or variable may be unsafe. Consider using sprintf_s instead. To disable deprecation, use _CRT_SECURE_NO_WARNINGS. See online help for details.
C:\Git\ImmersiveSDK\ImmersiveExperienceToolkit\3rdPartyLibraries\Live555\liveMedia\RTSPClient.cpp(585,5): warning C4996: 'sprintf': This function or variable may be unsafe. Consider using sprintf_s instead. To disable deprecation, use _CRT_SECURE_NO_WARNINGS. See online help for details.
C:\Git\ImmersiveSDK\ImmersiveExperienceToolkit\3rdPartyLibraries\Live555\liveMedia\RTSPClient.cpp(598,5): warning C4996: 'sprintf': This function or variable may be unsafe. Consider using sprintf_s instead. To disable deprecation, use _CRT_SECURE_NO_WARNINGS. See online help for details.
C:\Git\ImmersiveSDK\ImmersiveExperienceToolkit\3rdPartyLibraries\Live555\liveMedia\RTSPClient.cpp(612,7): warning C4996: '_snprintf': This function or variable may be unsafe. Consider using _snprintf_s instead. To disable deprecation, use _CRT_SECURE_NO_WARNINGS. See online help for details.
C:\Git\ImmersiveSDK\ImmersiveExperienceToolkit\3rdPartyLibraries\Live555\liveMedia\RTSPClient.cpp(615,7): warning C4996: '_snprintf': This function or variable may be unsafe. Consider using _snprintf_s instead. To disable deprecation, use _CRT_SECURE_NO_WARNINGS. See online help for details.
C:\Git\ImmersiveSDK\ImmersiveExperienceToolkit\3rdPartyLibraries\Live555\liveMedia\RTSPClient.cpp(626,7): warning C4996: 'sprintf': This function or variable may be unsafe. Consider using sprintf_s instead. To disable deprecation, use _CRT_SECURE_NO_WARNINGS. See online help for details.
C:\Git\ImmersiveSDK\ImmersiveExperienceToolkit\3rdPartyLibraries\Live555\liveMedia\RTSPClient.cpp(630,7): warning C4996: 'sprintf': This function or variable may be unsafe. Consider using sprintf_s instead. To disable deprecation, use _CRT_SECURE_NO_WARNINGS. See online help for details.
C:\Git\ImmersiveSDK\ImmersiveExperienceToolkit\3rdPartyLibraries\Live555\liveMedia\RTSPClient.cpp(672,5): warning C4996: 'sprintf': This function or variable may be unsafe. Consider using sprintf_s instead. To disable deprecation, use _CRT_SECURE_NO_WARNINGS. See online help for details.
C:\Git\ImmersiveSDK\ImmersiveExperienceToolkit\3rdPartyLibraries\Live555\liveMedia\RTSPClient.cpp(702,5): warning C4996: 'sprintf': This function or variable may be unsafe. Consider using sprintf_s instead. To disable deprecation, use _CRT_SECURE_NO_WARNINGS. See online help for details.
C:\Git\ImmersiveSDK\ImmersiveExperienceToolkit\3rdPartyLibraries\Live555\liveMedia\RTSPClient.cpp(715,5): warning C4996: 'sprintf': This function or variable may be unsafe. Consider using sprintf_s instead. To disable deprecation, use _CRT_SECURE_NO_WARNINGS. See online help for details.
C:\Git\ImmersiveSDK\ImmersiveExperienceToolkit\3rdPartyLibraries\Live555\liveMedia\RTSPClient.cpp(757,7): warning C4996: 'sprintf': This function or variable may be unsafe. Consider using sprintf_s instead. To disable deprecation, use _CRT_SECURE_NO_WARNINGS. See online help for details.
C:\Git\ImmersiveSDK\ImmersiveExperienceToolkit\3rdPartyLibraries\Live555\liveMedia\RTSPClient.cpp(774,7): warning C4996: 'sprintf': This function or variable may be unsafe. Consider using sprintf_s instead. To disable deprecation, use _CRT_SECURE_NO_WARNINGS. See online help for details.
C:\Git\ImmersiveSDK\ImmersiveExperienceToolkit\3rdPartyLibraries\Live555\liveMedia\RTSPClient.cpp(799,7): warning C4996: 'sprintf': This function or variable may be unsafe. Consider using sprintf_s instead. To disable deprecation, use _CRT_SECURE_NO_WARNINGS. See online help for details.
C:\Git\ImmersiveSDK\ImmersiveExperienceToolkit\3rdPartyLibraries\Live555\liveMedia\RTSPClient.cpp(815,7): warning C4996: 'sprintf': This function or variable may be unsafe. Consider using sprintf_s instead. To disable deprecation, use _CRT_SECURE_NO_WARNINGS. See online help for details.
C:\Git\ImmersiveSDK\ImmersiveExperienceToolkit\3rdPartyLibraries\Live555\liveMedia\RTSPClient.cpp(922,7): warning C4996: 'sprintf': This function or variable may be unsafe. Consider using sprintf_s instead. To disable deprecation, use _CRT_SECURE_NO_WARNINGS. See online help for details.
C:\Git\ImmersiveSDK\ImmersiveExperienceToolkit\3rdPartyLibraries\Live555\liveMedia\RTSPClient.cpp(931,7): warning C4996: 'sprintf': This function or variable may be unsafe. Consider using sprintf_s instead. To disable deprecation, use _CRT_SECURE_NO_WARNINGS. See online help for details.
C:\Git\ImmersiveSDK\ImmersiveExperienceToolkit\3rdPartyLibraries\Live555\liveMedia\RTSPClient.cpp(936,7): warning C4996: 'sprintf': This function or variable may be unsafe. Consider using sprintf_s instead. To disable deprecation, use _CRT_SECURE_NO_WARNINGS. See online help for details.
C:\Git\ImmersiveSDK\ImmersiveExperienceToolkit\3rdPartyLibraries\Live555\liveMedia\RTSPClient.cpp(962,5): warning C4996: 'sprintf': This function or variable may be unsafe. Consider using sprintf_s instead. To disable deprecation, use _CRT_SECURE_NO_WARNINGS. See online help for details.
C:\Git\ImmersiveSDK\ImmersiveExperienceToolkit\3rdPartyLibraries\Live555\liveMedia\RTSPClient.cpp(984,7): warning C4996: 'sscanf': This function or variable may be unsafe. Consider using sscanf_s instead. To disable deprecation, use _CRT_SECURE_NO_WARNINGS. See online help for details.
C:\Git\ImmersiveSDK\ImmersiveExperienceToolkit\3rdPartyLibraries\Live555\liveMedia\RTSPClient.cpp(985,7): warning C4996: 'sscanf': This function or variable may be unsafe. Consider using sscanf_s instead. To disable deprecation, use _CRT_SECURE_NO_WARNINGS. See online help for details.
C:\Git\ImmersiveSDK\ImmersiveExperienceToolkit\3rdPartyLibraries\Live555\liveMedia\RTSPClient.cpp(1018,5): warning C4996: '_snprintf': This function or variable may be unsafe. Consider using _snprintf_s instead. To disable deprecation, use _CRT_SECURE_NO_WARNINGS. See online help for details.
C:\Git\ImmersiveSDK\ImmersiveExperienceToolkit\3rdPartyLibraries\Live555\liveMedia\RTSPClient.cpp(1059,10): warning C4996: 'sscanf': This function or variable may be unsafe. Consider using sscanf_s instead. To disable deprecation, use _CRT_SECURE_NO_WARNINGS. See online help for details.
C:\Git\ImmersiveSDK\ImmersiveExperienceToolkit\3rdPartyLibraries\Live555\liveMedia\RTSPClient.cpp(1060,9): warning C4996: 'sscanf': This function or variable may be unsafe. Consider using sscanf_s instead. To disable deprecation, use _CRT_SECURE_NO_WARNINGS. See online help for details.
C:\Git\ImmersiveSDK\ImmersiveExperienceToolkit\3rdPartyLibraries\Live555\liveMedia\RTSPClient.cpp(1062,16): warning C4996: 'sscanf': This function or variable may be unsafe. Consider using sscanf_s instead. To disable deprecation, use _CRT_SECURE_NO_WARNINGS. See online help for details.
C:\Git\ImmersiveSDK\ImmersiveExperienceToolkit\3rdPartyLibraries\Live555\liveMedia\RTSPClient.cpp(1067,16): warning C4996: 'sscanf': This function or variable may be unsafe. Consider using sscanf_s instead. To disable deprecation, use _CRT_SECURE_NO_WARNINGS. See online help for details.
C:\Git\ImmersiveSDK\ImmersiveExperienceToolkit\3rdPartyLibraries\Live555\liveMedia\RTSPClient.cpp(1076,16): warning C4996: 'sscanf': This function or variable may be unsafe. Consider using sscanf_s instead. To disable deprecation, use _CRT_SECURE_NO_WARNINGS. See online help for details.
C:\Git\ImmersiveSDK\ImmersiveExperienceToolkit\3rdPartyLibraries\Live555\liveMedia\RTSPClient.cpp(1077,9): warning C4996: 'sscanf': This function or variable may be unsafe. Consider using sscanf_s instead. To disable deprecation, use _CRT_SECURE_NO_WARNINGS. See online help for details.
C:\Git\ImmersiveSDK\ImmersiveExperienceToolkit\3rdPartyLibraries\Live555\liveMedia\RTSPClient.cpp(1117,10): warning C4996: 'sscanf': This function or variable may be unsafe. Consider using sscanf_s instead. To disable deprecation, use _CRT_SECURE_NO_WARNINGS. See online help for details.
C:\Git\ImmersiveSDK\ImmersiveExperienceToolkit\3rdPartyLibraries\Live555\liveMedia\RTSPClient.cpp(1122,10): warning C4996: 'sscanf': This function or variable may be unsafe. Consider using sscanf_s instead. To disable deprecation, use _CRT_SECURE_NO_WARNINGS. See online help for details.
C:\Git\ImmersiveSDK\ImmersiveExperienceToolkit\3rdPartyLibraries\Live555\liveMedia\RTSPClient.cpp(1133,10): warning C4996: 'sscanf': This function or variable may be unsafe. Consider using sscanf_s instead. To disable deprecation, use _CRT_SECURE_NO_WARNINGS. See online help for details.
C:\Git\ImmersiveSDK\ImmersiveExperienceToolkit\3rdPartyLibraries\Live555\liveMedia\RTSPClient.cpp(1134,9): warning C4996: 'sscanf': This function or variable may be unsafe. Consider using sscanf_s instead. To disable deprecation, use _CRT_SECURE_NO_WARNINGS. See online help for details.
C:\Git\ImmersiveSDK\ImmersiveExperienceToolkit\3rdPartyLibraries\Live555\liveMedia\RTSPClient.cpp(1136,16): warning C4996: 'sscanf': This function or variable may be unsafe. Consider using sscanf_s instead. To disable deprecation, use _CRT_SECURE_NO_WARNINGS. See online help for details.
C:\Git\ImmersiveSDK\ImmersiveExperienceToolkit\3rdPartyLibraries\Live555\liveMedia\RTSPClient.cpp(1157,37): warning C4996: 'sscanf': This function or variable may be unsafe. Consider using sscanf_s instead. To disable deprecation, use _CRT_SECURE_NO_WARNINGS. See online help for details.
C:\Git\ImmersiveSDK\ImmersiveExperienceToolkit\3rdPartyLibraries\Live555\liveMedia\RTSPClient.cpp(1167,9): warning C4996: 'sscanf': This function or variable may be unsafe. Consider using sscanf_s instead. To disable deprecation, use _CRT_SECURE_NO_WARNINGS. See online help for details.
C:\Git\ImmersiveSDK\ImmersiveExperienceToolkit\3rdPartyLibraries\Live555\liveMedia\RTSPClient.cpp(1338,7): warning C4996: 'sscanf': This function or variable may be unsafe. Consider using sscanf_s instead. To disable deprecation, use _CRT_SECURE_NO_WARNINGS. See online help for details.
C:\Git\ImmersiveSDK\ImmersiveExperienceToolkit\3rdPartyLibraries\Live555\liveMedia\RTSPClient.cpp(1342,14): warning C4996: 'sscanf': This function or variable may be unsafe. Consider using sscanf_s instead. To disable deprecation, use _CRT_SECURE_NO_WARNINGS. See online help for details.
C:\Git\ImmersiveSDK\ImmersiveExperienceToolkit\3rdPartyLibraries\Live555\liveMedia\RTSPClient.cpp(1345,14): warning C4996: 'sscanf': This function or variable may be unsafe. Consider using sscanf_s instead. To disable deprecation, use _CRT_SECURE_NO_WARNINGS. See online help for details.
C:\Git\ImmersiveSDK\ImmersiveExperienceToolkit\3rdPartyLibraries\Live555\liveMedia\RTSPClient.cpp(1654,7): warning C4996: 'strncpy': This function or variable may be unsafe. Consider using strncpy_s instead. To disable deprecation, use _CRT_SECURE_NO_WARNINGS. See online help for details.
C:\Git\ImmersiveSDK\ImmersiveExperienceToolkit\3rdPartyLibraries\Live555\liveMedia\RTSPClient.cpp(1685,8): warning C4996: 'sscanf': This function or variable may be unsafe. Consider using sscanf_s instead. To disable deprecation, use _CRT_SECURE_NO_WARNINGS. See online help for details.
C:\Git\ImmersiveSDK\ImmersiveExperienceToolkit\3rdPartyLibraries\Live555\liveMedia\RTSPClient.cpp(1709,8): warning C4996: 'sscanf': This function or variable may be unsafe. Consider using sscanf_s instead. To disable deprecation, use _CRT_SECURE_NO_WARNINGS. See online help for details.
C:\Git\ImmersiveSDK\ImmersiveExperienceToolkit\3rdPartyLibraries\Live555\liveMedia\RTSPClient.cpp(1751,4): warning C4996: 'sprintf': This function or variable may be unsafe. Consider using sprintf_s instead. To disable deprecation, use _CRT_SECURE_NO_WARNINGS. See online help for details.
  RTSPCommon.cpp
C:\Git\ImmersiveSDK\ImmersiveExperienceToolkit\3rdPartyLibraries\Live555\liveMedia\RTSPCommon.cpp(203,11): warning C4996: 'sscanf': This function or variable may be unsafe. Consider using sscanf_s instead. To disable deprecation, use _CRT_SECURE_NO_WARNINGS. See online help for details.
C:\Git\ImmersiveSDK\ImmersiveExperienceToolkit\3rdPartyLibraries\Live555\liveMedia\RTSPCommon.cpp(221,7): warning C4996: 'sscanf': This function or variable may be unsafe. Consider using sscanf_s instead. To disable deprecation, use _CRT_SECURE_NO_WARNINGS. See online help for details.
C:\Git\ImmersiveSDK\ImmersiveExperienceToolkit\3rdPartyLibraries\Live555\liveMedia\RTSPCommon.cpp(224,14): warning C4996: 'sscanf': This function or variable may be unsafe. Consider using sscanf_s instead. To disable deprecation, use _CRT_SECURE_NO_WARNINGS. See online help for details.
C:\Git\ImmersiveSDK\ImmersiveExperienceToolkit\3rdPartyLibraries\Live555\liveMedia\RTSPCommon.cpp(233,14): warning C4996: 'sscanf': This function or variable may be unsafe. Consider using sscanf_s instead. To disable deprecation, use _CRT_SECURE_NO_WARNINGS. See online help for details.
C:\Git\ImmersiveSDK\ImmersiveExperienceToolkit\3rdPartyLibraries\Live555\liveMedia\RTSPCommon.cpp(236,14): warning C4996: 'sscanf': This function or variable may be unsafe. Consider using sscanf_s instead. To disable deprecation, use _CRT_SECURE_NO_WARNINGS. See online help for details.
C:\Git\ImmersiveSDK\ImmersiveExperienceToolkit\3rdPartyLibraries\Live555\liveMedia\RTSPCommon.cpp(239,14): warning C4996: 'sscanf': This function or variable may be unsafe. Consider using sscanf_s instead. To disable deprecation, use _CRT_SECURE_NO_WARNINGS. See online help for details.
C:\Git\ImmersiveSDK\ImmersiveExperienceToolkit\3rdPartyLibraries\Live555\liveMedia\RTSPCommon.cpp(246,24): warning C4996: 'sscanf': This function or variable may be unsafe. Consider using sscanf_s instead. To disable deprecation, use _CRT_SECURE_NO_WARNINGS. See online help for details.
C:\Git\ImmersiveSDK\ImmersiveExperienceToolkit\3rdPartyLibraries\Live555\liveMedia\RTSPCommon.cpp(257,14): warning C4996: 'sscanf': This function or variable may be unsafe. Consider using sscanf_s instead. To disable deprecation, use _CRT_SECURE_NO_WARNINGS. See online help for details.
C:\Git\ImmersiveSDK\ImmersiveExperienceToolkit\3rdPartyLibraries\Live555\liveMedia\RTSPCommon.cpp(296,7): warning C4996: 'sscanf': This function or variable may be unsafe. Consider using sscanf_s instead. To disable deprecation, use _CRT_SECURE_NO_WARNINGS. See online help for details.
C:\Git\ImmersiveSDK\ImmersiveExperienceToolkit\3rdPartyLibraries\Live555\liveMedia\RTSPCommon.cpp(341,68): warning C4996: 'gmtime': This function or variable may be unsafe. Consider using gmtime_s instead. To disable deprecation, use _CRT_SECURE_NO_WARNINGS. See online help for details.
  RTSPRegisterSender.cpp
C:\Git\ImmersiveSDK\ImmersiveExperienceToolkit\3rdPartyLibraries\Live555\liveMedia\RTSPRegisterSender.cpp(55,3): warning C4996: 'sprintf': This function or variable may be unsafe. Consider using sprintf_s instead. To disable deprecation, use _CRT_SECURE_NO_WARNINGS. See online help for details.
C:\Git\ImmersiveSDK\ImmersiveExperienceToolkit\3rdPartyLibraries\Live555\liveMedia\RTSPRegisterSender.cpp(89,7): warning C4996: 'sprintf': This function or variable may be unsafe. Consider using sprintf_s instead. To disable deprecation, use _CRT_SECURE_NO_WARNINGS. See online help for details.
C:\Git\ImmersiveSDK\ImmersiveExperienceToolkit\3rdPartyLibraries\Live555\liveMedia\RTSPRegisterSender.cpp(95,5): warning C4996: 'sprintf': This function or variable may be unsafe. Consider using sprintf_s instead. To disable deprecation, use _CRT_SECURE_NO_WARNINGS. See online help for details.
  RTSPServer.cpp
C:\Git\ImmersiveSDK\ImmersiveExperienceToolkit\3rdPartyLibraries\Live555\liveMedia\RTSPServer.cpp(147,3): warning C4996: 'sprintf': This function or variable may be unsafe. Consider using sprintf_s instead. To disable deprecation, use _CRT_SECURE_NO_WARNINGS. See online help for details.
C:\Git\ImmersiveSDK\ImmersiveExperienceToolkit\3rdPartyLibraries\Live555\liveMedia\RTSPServer.cpp(169,5): warning C4996: 'sprintf': This function or variable may be unsafe. Consider using sprintf_s instead. To disable deprecation, use _CRT_SECURE_NO_WARNINGS. See online help for details.
C:\Git\ImmersiveSDK\ImmersiveExperienceToolkit\3rdPartyLibraries\Live555\liveMedia\RTSPServer.cpp(171,5): warning C4996: 'sprintf': This function or variable may be unsafe. Consider using sprintf_s instead. To disable deprecation, use _CRT_SECURE_NO_WARNINGS. See online help for details.
C:\Git\ImmersiveSDK\ImmersiveExperienceToolkit\3rdPartyLibraries\Live555\liveMedia\RTSPServer.cpp(401,3): warning C4996: '_snprintf': This function or variable may be unsafe. Consider using _snprintf_s instead. To disable deprecation, use _CRT_SECURE_NO_WARNINGS. See online help for details.
C:\Git\ImmersiveSDK\ImmersiveExperienceToolkit\3rdPartyLibraries\Live555\liveMedia\RTSPServer.cpp(432,7): warning C4996: 'strcat': This function or variable may be unsafe. Consider using strcat_s instead. To disable deprecation, use _CRT_SECURE_NO_WARNINGS. See online help for details.
C:\Git\ImmersiveSDK\ImmersiveExperienceToolkit\3rdPartyLibraries\Live555\liveMedia\RTSPServer.cpp(433,7): warning C4996: 'strcat': This function or variable may be unsafe. Consider using strcat_s instead. To disable deprecation, use _CRT_SECURE_NO_WARNINGS. See online help for details.
C:\Git\ImmersiveSDK\ImmersiveExperienceToolkit\3rdPartyLibraries\Live555\liveMedia\RTSPServer.cpp(435,5): warning C4996: 'strcat': This function or variable may be unsafe. Consider using strcat_s instead. To disable deprecation, use _CRT_SECURE_NO_WARNINGS. See online help for details.
C:\Git\ImmersiveSDK\ImmersiveExperienceToolkit\3rdPartyLibraries\Live555\liveMedia\RTSPServer.cpp(467,5): warning C4996: '_snprintf': This function or variable may be unsafe. Consider using _snprintf_s instead. To disable deprecation, use _CRT_SECURE_NO_WARNINGS. See online help for details.
C:\Git\ImmersiveSDK\ImmersiveExperienceToolkit\3rdPartyLibraries\Live555\liveMedia\RTSPServer.cpp(540,3): warning C4996: '_snprintf': This function or variable may be unsafe. Consider using _snprintf_s instead. To disable deprecation, use _CRT_SECURE_NO_WARNINGS. See online help for details.
C:\Git\ImmersiveSDK\ImmersiveExperienceToolkit\3rdPartyLibraries\Live555\liveMedia\RTSPServer.cpp(546,3): warning C4996: '_snprintf': This function or variable may be unsafe. Consider using _snprintf_s instead. To disable deprecation, use _CRT_SECURE_NO_WARNINGS. See online help for details.
C:\Git\ImmersiveSDK\ImmersiveExperienceToolkit\3rdPartyLibraries\Live555\liveMedia\RTSPServer.cpp(617,3): warning C4996: '_snprintf': This function or variable may be unsafe. Consider using _snprintf_s instead. To disable deprecation, use _CRT_SECURE_NO_WARNINGS. See online help for details.
C:\Git\ImmersiveSDK\ImmersiveExperienceToolkit\3rdPartyLibraries\Live555\liveMedia\RTSPServer.cpp(623,3): warning C4996: '_snprintf': This function or variable may be unsafe. Consider using _snprintf_s instead. To disable deprecation, use _CRT_SECURE_NO_WARNINGS. See online help for details.
C:\Git\ImmersiveSDK\ImmersiveExperienceToolkit\3rdPartyLibraries\Live555\liveMedia\RTSPServer.cpp(633,3): warning C4996: '_snprintf': This function or variable may be unsafe. Consider using _snprintf_s instead. To disable deprecation, use _CRT_SECURE_NO_WARNINGS. See online help for details.
C:\Git\ImmersiveSDK\ImmersiveExperienceToolkit\3rdPartyLibraries\Live555\liveMedia\RTSPServer.cpp(657,3): warning C4996: '_snprintf': This function or variable may be unsafe. Consider using _snprintf_s instead. To disable deprecation, use _CRT_SECURE_NO_WARNINGS. See online help for details.
C:\Git\ImmersiveSDK\ImmersiveExperienceToolkit\3rdPartyLibraries\Live555\liveMedia\RTSPServer.cpp(761,10): warning C4996: 'sscanf': This function or variable may be unsafe. Consider using sscanf_s instead. To disable deprecation, use _CRT_SECURE_NO_WARNINGS. See online help for details.
C:\Git\ImmersiveSDK\ImmersiveExperienceToolkit\3rdPartyLibraries\Live555\liveMedia\RTSPServer.cpp(936,6): warning C4996: 'strcat': This function or variable may be unsafe. Consider using strcat_s instead. To disable deprecation, use _CRT_SECURE_NO_WARNINGS. See online help for details.
C:\Git\ImmersiveSDK\ImmersiveExperienceToolkit\3rdPartyLibraries\Live555\liveMedia\RTSPServer.cpp(937,6): warning C4996: 'strcat': This function or variable may be unsafe. Consider using strcat_s instead. To disable deprecation, use _CRT_SECURE_NO_WARNINGS. See online help for details.
C:\Git\ImmersiveSDK\ImmersiveExperienceToolkit\3rdPartyLibraries\Live555\liveMedia\RTSPServer.cpp(939,4): warning C4996: 'strcat': This function or variable may be unsafe. Consider using strcat_s instead. To disable deprecation, use _CRT_SECURE_NO_WARNINGS. See online help for details.
C:\Git\ImmersiveSDK\ImmersiveExperienceToolkit\3rdPartyLibraries\Live555\liveMedia\RTSPServer.cpp(967,6): warning C4996: 'sscanf': This function or variable may be unsafe. Consider using sscanf_s instead. To disable deprecation, use _CRT_SECURE_NO_WARNINGS. See online help for details.
C:\Git\ImmersiveSDK\ImmersiveExperienceToolkit\3rdPartyLibraries\Live555\liveMedia\RTSPServer.cpp(1092,9): warning C4996: 'sscanf': This function or variable may be unsafe. Consider using sscanf_s instead. To disable deprecation, use _CRT_SECURE_NO_WARNINGS. See online help for details.
C:\Git\ImmersiveSDK\ImmersiveExperienceToolkit\3rdPartyLibraries\Live555\liveMedia\RTSPServer.cpp(1093,2): warning C4996: 'sscanf': This function or variable may be unsafe. Consider using sscanf_s instead. To disable deprecation, use _CRT_SECURE_NO_WARNINGS. See online help for details.
C:\Git\ImmersiveSDK\ImmersiveExperienceToolkit\3rdPartyLibraries\Live555\liveMedia\RTSPServer.cpp(1185,3): warning C4996: '_snprintf': This function or variable may be unsafe. Consider using _snprintf_s instead. To disable deprecation, use _CRT_SECURE_NO_WARNINGS. See online help for details.
C:\Git\ImmersiveSDK\ImmersiveExperienceToolkit\3rdPartyLibraries\Live555\liveMedia\RTSPServer.cpp(1198,3): warning C4996: '_snprintf': This function or variable may be unsafe. Consider using _snprintf_s instead. To disable deprecation, use _CRT_SECURE_NO_WARNINGS. See online help for details.
C:\Git\ImmersiveSDK\ImmersiveExperienceToolkit\3rdPartyLibraries\Live555\liveMedia\RTSPServer.cpp(1209,3): warning C4996: '_snprintf': This function or variable may be unsafe. Consider using _snprintf_s instead. To disable deprecation, use _CRT_SECURE_NO_WARNINGS. See online help for details.
C:\Git\ImmersiveSDK\ImmersiveExperienceToolkit\3rdPartyLibraries\Live555\liveMedia\RTSPServer.cpp(1225,3): warning C4996: '_snprintf': This function or variable may be unsafe. Consider using _snprintf_s instead. To disable deprecation, use _CRT_SECURE_NO_WARNINGS. See online help for details.
C:\Git\ImmersiveSDK\ImmersiveExperienceToolkit\3rdPartyLibraries\Live555\liveMedia\RTSPServer.cpp(1243,3): warning C4996: '_snprintf': This function or variable may be unsafe. Consider using _snprintf_s instead. To disable deprecation, use _CRT_SECURE_NO_WARNINGS. See online help for details.
C:\Git\ImmersiveSDK\ImmersiveExperienceToolkit\3rdPartyLibraries\Live555\liveMedia\RTSPServer.cpp(1381,10): warning C4996: 'sscanf': This function or variable may be unsafe. Consider using sscanf_s instead. To disable deprecation, use _CRT_SECURE_NO_WARNINGS. See online help for details.
C:\Git\ImmersiveSDK\ImmersiveExperienceToolkit\3rdPartyLibraries\Live555\liveMedia\RTSPServer.cpp(1391,16): warning C4996: 'sscanf': This function or variable may be unsafe. Consider using sscanf_s instead. To disable deprecation, use _CRT_SECURE_NO_WARNINGS. See online help for details.
C:\Git\ImmersiveSDK\ImmersiveExperienceToolkit\3rdPartyLibraries\Live555\liveMedia\RTSPServer.cpp(1393,16): warning C4996: 'sscanf': This function or variable may be unsafe. Consider using sscanf_s instead. To disable deprecation, use _CRT_SECURE_NO_WARNINGS. See online help for details.
C:\Git\ImmersiveSDK\ImmersiveExperienceToolkit\3rdPartyLibraries\Live555\liveMedia\RTSPServer.cpp(1396,16): warning C4996: 'sscanf': This function or variable may be unsafe. Consider using sscanf_s instead. To disable deprecation, use _CRT_SECURE_NO_WARNINGS. See online help for details.
C:\Git\ImmersiveSDK\ImmersiveExperienceToolkit\3rdPartyLibraries\Live555\liveMedia\RTSPServer.cpp(1399,16): warning C4996: 'sscanf': This function or variable may be unsafe. Consider using sscanf_s instead. To disable deprecation, use _CRT_SECURE_NO_WARNINGS. See online help for details.
C:\Git\ImmersiveSDK\ImmersiveExperienceToolkit\3rdPartyLibraries\Live555\liveMedia\RTSPServer.cpp(1444,2): warning C4996: 'sprintf': This function or variable may be unsafe. Consider using sprintf_s instead. To disable deprecation, use _CRT_SECURE_NO_WARNINGS. See online help for details.
C:\Git\ImmersiveSDK\ImmersiveExperienceToolkit\3rdPartyLibraries\Live555\liveMedia\RTSPServer.cpp(1609,7): warning C4996: 'sprintf': This function or variable may be unsafe. Consider using sprintf_s instead. To disable deprecation, use _CRT_SECURE_NO_WARNINGS. See online help for details.
C:\Git\ImmersiveSDK\ImmersiveExperienceToolkit\3rdPartyLibraries\Live555\liveMedia\RTSPServer.cpp(1616,6): warning C4996: '_snprintf': This function or variable may be unsafe. Consider using _snprintf_s instead. To disable deprecation, use _CRT_SECURE_NO_WARNINGS. See online help for details.
C:\Git\ImmersiveSDK\ImmersiveExperienceToolkit\3rdPartyLibraries\Live555\liveMedia\RTSPServer.cpp(1634,6): warning C4996: '_snprintf': This function or variable may be unsafe. Consider using _snprintf_s instead. To disable deprecation, use _CRT_SECURE_NO_WARNINGS. See online help for details.
C:\Git\ImmersiveSDK\ImmersiveExperienceToolkit\3rdPartyLibraries\Live555\liveMedia\RTSPServer.cpp(1650,6): warning C4996: '_snprintf': This function or variable may be unsafe. Consider using _snprintf_s instead. To disable deprecation, use _CRT_SECURE_NO_WARNINGS. See online help for details.
C:\Git\ImmersiveSDK\ImmersiveExperienceToolkit\3rdPartyLibraries\Live555\liveMedia\RTSPServer.cpp(1666,8): warning C4996: '_snprintf': This function or variable may be unsafe. Consider using _snprintf_s instead. To disable deprecation, use _CRT_SECURE_NO_WARNINGS. See online help for details.
C:\Git\ImmersiveSDK\ImmersiveExperienceToolkit\3rdPartyLibraries\Live555\liveMedia\RTSPServer.cpp(1680,6): warning C4996: '_snprintf': This function or variable may be unsafe. Consider using _snprintf_s instead. To disable deprecation, use _CRT_SECURE_NO_WARNINGS. See online help for details.
C:\Git\ImmersiveSDK\ImmersiveExperienceToolkit\3rdPartyLibraries\Live555\liveMedia\RTSPServer.cpp(1813,5): warning C4996: 'sprintf': This function or variable may be unsafe. Consider using sprintf_s instead. To disable deprecation, use _CRT_SECURE_NO_WARNINGS. See online help for details.
C:\Git\ImmersiveSDK\ImmersiveExperienceToolkit\3rdPartyLibraries\Live555\liveMedia\RTSPServer.cpp(1908,7): warning C4996: 'sprintf': This function or variable may be unsafe. Consider using sprintf_s instead. To disable deprecation, use _CRT_SECURE_NO_WARNINGS. See online help for details.
C:\Git\ImmersiveSDK\ImmersiveExperienceToolkit\3rdPartyLibraries\Live555\liveMedia\RTSPServer.cpp(1910,7): warning C4996: 'sprintf': This function or variable may be unsafe. Consider using sprintf_s instead. To disable deprecation, use _CRT_SECURE_NO_WARNINGS. See online help for details.
C:\Git\ImmersiveSDK\ImmersiveExperienceToolkit\3rdPartyLibraries\Live555\liveMedia\RTSPServer.cpp(1934,7): warning C4996: 'sprintf': This function or variable may be unsafe. Consider using sprintf_s instead. To disable deprecation, use _CRT_SECURE_NO_WARNINGS. See online help for details.
C:\Git\ImmersiveSDK\ImmersiveExperienceToolkit\3rdPartyLibraries\Live555\liveMedia\RTSPServer.cpp(1936,7): warning C4996: 'sprintf': This function or variable may be unsafe. Consider using sprintf_s instead. To disable deprecation, use _CRT_SECURE_NO_WARNINGS. See online help for details.
C:\Git\ImmersiveSDK\ImmersiveExperienceToolkit\3rdPartyLibraries\Live555\liveMedia\RTSPServer.cpp(1963,7): warning C4996: 'sprintf': This function or variable may be unsafe. Consider using sprintf_s instead. To disable deprecation, use _CRT_SECURE_NO_WARNINGS. See online help for details.
C:\Git\ImmersiveSDK\ImmersiveExperienceToolkit\3rdPartyLibraries\Live555\liveMedia\RTSPServer.cpp(1983,3): warning C4996: '_snprintf': This function or variable may be unsafe. Consider using _snprintf_s instead. To disable deprecation, use _CRT_SECURE_NO_WARNINGS. See online help for details.
C:\Git\ImmersiveSDK\ImmersiveExperienceToolkit\3rdPartyLibraries\Live555\liveMedia\RTSPServer.cpp(2078,5): warning C4996: 'sprintf': This function or variable may be unsafe. Consider using sprintf_s instead. To disable deprecation, use _CRT_SECURE_NO_WARNINGS. See online help for details.
C:\Git\ImmersiveSDK\ImmersiveExperienceToolkit\3rdPartyLibraries\Live555\liveMedia\RTSPServer.cpp(2109,5): warning C4996: 'sprintf': This function or variable may be unsafe. Consider using sprintf_s instead. To disable deprecation, use _CRT_SECURE_NO_WARNINGS. See online help for details.
  RTSPServerSupportingHTTPStreaming.cpp
C:\Git\ImmersiveSDK\ImmersiveExperienceToolkit\3rdPartyLibraries\Live555\liveMedia\RTSPServerSupportingHTTPStreaming.cpp(72,79): warning C4996: 'gmtime': This function or variable may be unsafe. Consider using gmtime_s instead. To disable deprecation, use _CRT_SECURE_NO_WARNINGS. See online help for details.
C:\Git\ImmersiveSDK\ImmersiveExperienceToolkit\3rdPartyLibraries\Live555\liveMedia\RTSPServerSupportingHTTPStreaming.cpp(87,9): warning C4996: 'sscanf': This function or variable may be unsafe. Consider using sscanf_s instead. To disable deprecation, use _CRT_SECURE_NO_WARNINGS. See online help for details.
C:\Git\ImmersiveSDK\ImmersiveExperienceToolkit\3rdPartyLibraries\Live555\liveMedia\RTSPServerSupportingHTTPStreaming.cpp(132,7): warning C4996: '_snprintf': This function or variable may be unsafe. Consider using _snprintf_s instead. To disable deprecation, use _CRT_SECURE_NO_WARNINGS. See online help for details.
C:\Git\ImmersiveSDK\ImmersiveExperienceToolkit\3rdPartyLibraries\Live555\liveMedia\RTSPServerSupportingHTTPStreaming.cpp(210,3): warning C4996: 'sprintf': This function or variable may be unsafe. Consider using sprintf_s instead. To disable deprecation, use _CRT_SECURE_NO_WARNINGS. See online help for details.
C:\Git\ImmersiveSDK\ImmersiveExperienceToolkit\3rdPartyLibraries\Live555\liveMedia\RTSPServerSupportingHTTPStreaming.cpp(217,5): warning C4996: 'sprintf': This function or variable may be unsafe. Consider using sprintf_s instead. To disable deprecation, use _CRT_SECURE_NO_WARNINGS. See online help for details.
C:\Git\ImmersiveSDK\ImmersiveExperienceToolkit\3rdPartyLibraries\Live555\liveMedia\RTSPServerSupportingHTTPStreaming.cpp(224,3): warning C4996: 'sprintf': This function or variable may be unsafe. Consider using sprintf_s instead. To disable deprecation, use _CRT_SECURE_NO_WARNINGS. See online help for details.
C:\Git\ImmersiveSDK\ImmersiveExperienceToolkit\3rdPartyLibraries\Live555\liveMedia\RTSPServerSupportingHTTPStreaming.cpp(229,3): warning C4996: '_snprintf': This function or variable may be unsafe. Consider using _snprintf_s instead. To disable deprecation, use _CRT_SECURE_NO_WARNINGS. See online help for details.
  ServerMediaSession.cpp
C:\Git\ImmersiveSDK\ImmersiveExperienceToolkit\3rdPartyLibraries\Live555\liveMedia\ServerMediaSession.cpp(74,5): warning C4996: 'sprintf': This function or variable may be unsafe. Consider using sprintf_s instead. To disable deprecation, use _CRT_SECURE_NO_WARNINGS. See online help for details.
C:\Git\ImmersiveSDK\ImmersiveExperienceToolkit\3rdPartyLibraries\Live555\liveMedia\ServerMediaSession.cpp(220,5): warning C4996: 'sprintf': This function or variable may be unsafe. Consider using sprintf_s instead. To disable deprecation, use _CRT_SECURE_NO_WARNINGS. See online help for details.
C:\Git\ImmersiveSDK\ImmersiveExperienceToolkit\3rdPartyLibraries\Live555\liveMedia\ServerMediaSession.cpp(248,7): warning C4996: 'sprintf': This function or variable may be unsafe. Consider using sprintf_s instead. To disable deprecation, use _CRT_SECURE_NO_WARNINGS. See online help for details.
C:\Git\ImmersiveSDK\ImmersiveExperienceToolkit\3rdPartyLibraries\Live555\liveMedia\ServerMediaSession.cpp(283,5): warning C4996: '_snprintf': This function or variable may be unsafe. Consider using _snprintf_s instead. To disable deprecation, use _CRT_SECURE_NO_WARNINGS. See online help for details.
C:\Git\ImmersiveSDK\ImmersiveExperienceToolkit\3rdPartyLibraries\Live555\liveMedia\ServerMediaSession.cpp(306,29): warning C4996: '_snprintf': This function or variable may be unsafe. Consider using _snprintf_s instead. To disable deprecation, use _CRT_SECURE_NO_WARNINGS. See online help for details.
C:\Git\ImmersiveSDK\ImmersiveExperienceToolkit\3rdPartyLibraries\Live555\liveMedia\ServerMediaSession.cpp(357,5): warning C4996: 'sprintf': This function or variable may be unsafe. Consider using sprintf_s instead. To disable deprecation, use _CRT_SECURE_NO_WARNINGS. See online help for details.
C:\Git\ImmersiveSDK\ImmersiveExperienceToolkit\3rdPartyLibraries\Live555\liveMedia\ServerMediaSession.cpp(430,7): warning C4996: 'sprintf': This function or variable may be unsafe. Consider using sprintf_s instead. To disable deprecation, use _CRT_SECURE_NO_WARNINGS. See online help for details.
C:\Git\ImmersiveSDK\ImmersiveExperienceToolkit\3rdPartyLibraries\Live555\liveMedia\ServerMediaSession.cpp(432,7): warning C4996: 'sprintf': This function or variable may be unsafe. Consider using sprintf_s instead. To disable deprecation, use _CRT_SECURE_NO_WARNINGS. See online help for details.
C:\Git\ImmersiveSDK\ImmersiveExperienceToolkit\3rdPartyLibraries\Live555\liveMedia\ServerMediaSession.cpp(449,5): warning C4996: 'sprintf': This function or variable may be unsafe. Consider using sprintf_s instead. To disable deprecation, use _CRT_SECURE_NO_WARNINGS. See online help for details.
  SimpleRTPSink.cpp
  SimpleRTPSource.cpp
  SIPClient.cpp
C:\Git\ImmersiveSDK\ImmersiveExperienceToolkit\3rdPartyLibraries\Live555\liveMedia\SIPClient.cpp(49,3): warning C4996: 'sprintf': This function or variable may be unsafe. Consider using sprintf_s instead. To disable deprecation, use _CRT_SECURE_NO_WARNINGS. See online help for details.
C:\Git\ImmersiveSDK\ImmersiveExperienceToolkit\3rdPartyLibraries\Live555\liveMedia\SIPClient.cpp(120,3): warning C4996: 'sprintf': This function or variable may be unsafe. Consider using sprintf_s instead. To disable deprecation, use _CRT_SECURE_NO_WARNINGS. See online help for details.
C:\Git\ImmersiveSDK\ImmersiveExperienceToolkit\3rdPartyLibraries\Live555\liveMedia\SIPClient.cpp(218,7): warning C4996: 'sprintf': This function or variable may be unsafe. Consider using sprintf_s instead. To disable deprecation, use _CRT_SECURE_NO_WARNINGS. See online help for details.
C:\Git\ImmersiveSDK\ImmersiveExperienceToolkit\3rdPartyLibraries\Live555\liveMedia\SIPClient.cpp(242,5): warning C4996: 'sprintf': This function or variable may be unsafe. Consider using sprintf_s instead. To disable deprecation, use _CRT_SECURE_NO_WARNINGS. See online help for details.
C:\Git\ImmersiveSDK\ImmersiveExperienceToolkit\3rdPartyLibraries\Live555\liveMedia\SIPClient.cpp(278,5): warning C4996: 'sprintf': This function or variable may be unsafe. Consider using sprintf_s instead. To disable deprecation, use _CRT_SECURE_NO_WARNINGS. See online help for details.
C:\Git\ImmersiveSDK\ImmersiveExperienceToolkit\3rdPartyLibraries\Live555\liveMedia\SIPClient.cpp(504,8): warning C4996: 'sscanf': This function or variable may be unsafe. Consider using sscanf_s instead. To disable deprecation, use _CRT_SECURE_NO_WARNINGS. See online help for details.
C:\Git\ImmersiveSDK\ImmersiveExperienceToolkit\3rdPartyLibraries\Live555\liveMedia\SIPClient.cpp(507,8): warning C4996: 'sscanf': This function or variable may be unsafe. Consider using sscanf_s instead. To disable deprecation, use _CRT_SECURE_NO_WARNINGS. See online help for details.
C:\Git\ImmersiveSDK\ImmersiveExperienceToolkit\3rdPartyLibraries\Live555\liveMedia\SIPClient.cpp(535,11): warning C4996: 'sscanf': This function or variable may be unsafe. Consider using sscanf_s instead. To disable deprecation, use _CRT_SECURE_NO_WARNINGS. See online help for details.
C:\Git\ImmersiveSDK\ImmersiveExperienceToolkit\3rdPartyLibraries\Live555\liveMedia\SIPClient.cpp(541,11): warning C4996: 'sscanf': This function or variable may be unsafe. Consider using sscanf_s instead. To disable deprecation, use _CRT_SECURE_NO_WARNINGS. See online help for details.
C:\Git\ImmersiveSDK\ImmersiveExperienceToolkit\3rdPartyLibraries\Live555\liveMedia\SIPClient.cpp(542,14): warning C4996: 'sscanf': This function or variable may be unsafe. Consider using sscanf_s instead. To disable deprecation, use _CRT_SECURE_NO_WARNINGS. See online help for details.
C:\Git\ImmersiveSDK\ImmersiveExperienceToolkit\3rdPartyLibraries\Live555\liveMedia\SIPClient.cpp(664,5): warning C4996: 'sprintf': This function or variable may be unsafe. Consider using sprintf_s instead. To disable deprecation, use _CRT_SECURE_NO_WARNINGS. See online help for details.
C:\Git\ImmersiveSDK\ImmersiveExperienceToolkit\3rdPartyLibraries\Live555\liveMedia\SIPClient.cpp(706,5): warning C4996: 'sprintf': This function or variable may be unsafe. Consider using sprintf_s instead. To disable deprecation, use _CRT_SECURE_NO_WARNINGS. See online help for details.
C:\Git\ImmersiveSDK\ImmersiveExperienceToolkit\3rdPartyLibraries\Live555\liveMedia\SIPClient.cpp(806,11): warning C4996: 'sscanf': This function or variable may be unsafe. Consider using sscanf_s instead. To disable deprecation, use _CRT_SECURE_NO_WARNINGS. See online help for details.
C:\Git\ImmersiveSDK\ImmersiveExperienceToolkit\3rdPartyLibraries\Live555\liveMedia\SIPClient.cpp(877,5): warning C4996: 'sprintf': This function or variable may be unsafe. Consider using sprintf_s instead. To disable deprecation, use _CRT_SECURE_NO_WARNINGS. See online help for details.
C:\Git\ImmersiveSDK\ImmersiveExperienceToolkit\3rdPartyLibraries\Live555\liveMedia\SIPClient.cpp(951,7): warning C4996: 'sscanf': This function or variable may be unsafe. Consider using sscanf_s instead. To disable deprecation, use _CRT_SECURE_NO_WARNINGS. See online help for details.
  Compiling...
  StreamParser.cpp
  StreamReplicator.cpp
  T140TextRTPSink.cpp
  TCPStreamSink.cpp
  TextRTPSink.cpp
  TheoraVideoRTPSink.cpp
C:\Git\ImmersiveSDK\ImmersiveExperienceToolkit\3rdPartyLibraries\Live555\liveMedia\TheoraVideoRTPSink.cpp(105,3): warning C4996: 'sprintf': This function or variable may be unsafe. Consider using sprintf_s instead. To disable deprecation, use _CRT_SECURE_NO_WARNINGS. See online help for details.
  TheoraVideoRTPSource.cpp
  uLawAudioFilter.cpp
  VideoRTPSink.cpp
  VorbisAudioRTPSink.cpp
C:\Git\ImmersiveSDK\ImmersiveExperienceToolkit\3rdPartyLibraries\Live555\liveMedia\VorbisAudioRTPSink.cpp(114,3): warning C4996: 'sprintf': This function or variable may be unsafe. Consider using sprintf_s instead. To disable deprecation, use _CRT_SECURE_NO_WARNINGS. See online help for details.
  VorbisAudioRTPSource.cpp
  VP8VideoRTPSink.cpp
  VP8VideoRTPSource.cpp
  VP9VideoRTPSink.cpp
  VP9VideoRTPSource.cpp
  WAVAudioFileServerMediaSubsession.cpp
  WAVAudioFileSource.cpp
C:\Git\ImmersiveSDK\ImmersiveExperienceToolkit\3rdPartyLibraries\Live555\liveMedia\WAVAudioFileSource.cpp(152,7): warning C4996: 'sprintf': This function or variable may be unsafe. Consider using sprintf_s instead. To disable deprecation, use _CRT_SECURE_NO_WARNINGS. See online help for details.
  HashTable.cpp
  strDup.cpp
  UsageEnvironment.cpp
  dllmain.cpp
  inet.c
C:\Git\ImmersiveSDK\ImmersiveExperienceToolkit\3rdPartyLibraries\Live555\groupsock\inet.c(18,9): warning C4996: 'inet_addr': Use inet_pton() or InetPton() instead or define _WINSOCK_DEPRECATED_NO_WARNINGS to disable deprecated API warnings
  rtcp_from_spec.c
     Creating library build\lib\Release\Win32\Live555.lib and object build\lib\Release\Win32\Live555.exp
  Generating code
  Previous IPDB not found, fall back to full compilation.
  All 2900 functions were compiled because no usable IPDB/IOBJ from previous compilation was found.
  Finished generating code
  Live555.vcxproj -> C:\Git\ImmersiveSDK\ImmersiveExperienceToolkit\3rdPartyLibraries\Live555\build\lib\Release\Win32\Live555.dll
